Last login: Sat Jun  7 22:16:47 on ttys000
~$ cd p2
~/docs/src/clojure/popco2$ git hist | head -1
* f798bdd 2014-06-07 | added/renamed for new sampling functions (HEAD, origin/master, origin/HEAD, master) [mars0i]
~/docs/src/clojure/popco2$ leinr
nREPL server started on port 49176 on host 127.0.0.1
REPL-y 0.3.0
Clojure 1.6.0
    Docs: (doc function-name-here)
          (find-doc "part-of-name-here")
  Source: (source function-name-here)
 Javadoc: (javadoc java-object-or-class-here)
    Exit: Control+D or (exit) or (quit)
 Results: Stored in vars *1, *2, *3, an exception in *e

popco.core.popco=> 

popco.core.popco=> (load-file "test/samplingfunctions.clj")

==================================================
Sample size = 5 , stuff size = 25 

--------------------------------------------
#<probability$incanter_sample_with_repl utils.probability$incanter_sample_with_repl@704e2d11>
#<core$map clojure.core$map@248e68a2>

WARNING: Final GC required 5.429868428517945 % of runtime
Evaluation count : 103500 in 60 samples of 1725 calls.
             Execution time mean : 582.292438 µs
    Execution time std-deviation : 2.479742 µs
   Execution time lower quantile : 578.275801 µs ( 2.5%)
   Execution time upper quantile : 587.086337 µs (97.5%)
                   Overhead used : 2.460358 ns

Found 1 outliers in 60 samples (1.6667 %)
	low-severe	 1 (1.6667 %)
 Variance from outliers : 1.6389 % Variance is slightly inflated by outliers

--------------------------------------------
#<probability$incanter_sample_with_repl utils.probability$incanter_sample_with_repl@704e2d11>
#<core$pmap clojure.core$pmap@d0de71d>

Evaluation count : 144480 in 60 samples of 2408 calls.
             Execution time mean : 461.355167 µs
    Execution time std-deviation : 33.442660 µs
   Execution time lower quantile : 412.564816 µs ( 2.5%)
   Execution time upper quantile : 506.178312 µs (97.5%)
                   Overhead used : 2.460358 ns

--------------------------------------------
#<probability$incanter_sample_without_repl utils.probability$incanter_sample_without_repl@5d89ec5c>
#<core$map clojure.core$map@248e68a2>

Evaluation count : 26220 in 60 samples of 437 calls.
             Execution time mean : 2.268933 ms
    Execution time std-deviation : 13.527353 µs
   Execution time lower quantile : 2.241820 ms ( 2.5%)
   Execution time upper quantile : 2.292820 ms (97.5%)
                   Overhead used : 2.460358 ns

--------------------------------------------
#<probability$incanter_sample_without_repl utils.probability$incanter_sample_without_repl@5d89ec5c>
#<core$pmap clojure.core$pmap@d0de71d>

Evaluation count : 48240 in 60 samples of 804 calls.
             Execution time mean : 1.296551 ms
    Execution time std-deviation : 64.757425 µs
   Execution time lower quantile : 1.214004 ms ( 2.5%)
   Execution time upper quantile : 1.371138 ms (97.5%)
                   Overhead used : 2.460358 ns

--------------------------------------------
#<probability$generators_sample_with_repl utils.probability$generators_sample_with_repl@40c712b8>
#<core$map clojure.core$map@248e68a2>

Evaluation count : 243960 in 60 samples of 4066 calls.
             Execution time mean : 245.196872 µs
    Execution time std-deviation : 829.535472 ns
   Execution time lower quantile : 244.014264 µs ( 2.5%)
   Execution time upper quantile : 246.645351 µs (97.5%)
                   Overhead used : 2.460358 ns

--------------------------------------------
#<probability$generators_sample_with_repl utils.probability$generators_sample_with_repl@40c712b8>
#<core$pmap clojure.core$pmap@d0de71d>

Evaluation count : 232620 in 60 samples of 3877 calls.
             Execution time mean : 275.429429 µs
    Execution time std-deviation : 6.513824 µs
   Execution time lower quantile : 262.003214 µs ( 2.5%)
   Execution time upper quantile : 284.855936 µs (97.5%)
                   Overhead used : 2.460358 ns

--------------------------------------------
#<probability$generators_reservoir_sample_without_repl utils.probability$generators_reservoir_sample_without_repl@21014808>
#<core$map clojure.core$map@248e68a2>

Evaluation count : 141120 in 60 samples of 2352 calls.
             Execution time mean : 424.504569 µs
    Execution time std-deviation : 1.660490 µs
   Execution time lower quantile : 421.893798 µs ( 2.5%)
   Execution time upper quantile : 427.844479 µs (97.5%)
                   Overhead used : 2.460358 ns

--------------------------------------------
#<probability$generators_reservoir_sample_without_repl utils.probability$generators_reservoir_sample_without_repl@21014808>
#<core$pmap clojure.core$pmap@d0de71d>

Evaluation count : 143820 in 60 samples of 2397 calls.
             Execution time mean : 484.117669 µs
    Execution time std-deviation : 27.700277 µs
   Execution time lower quantile : 434.015479 µs ( 2.5%)
   Execution time upper quantile : 523.298353 µs (97.5%)
                   Overhead used : 2.460358 ns

--------------------------------------------
#<probability$hybrid_generators_incanter_sample_without_repl utils.probability$hybrid_generators_incanter_sample_without_repl@dffa691>
#<core$map clojure.core$map@248e68a2>

Evaluation count : 237840 in 60 samples of 3964 calls.
             Execution time mean : 254.157353 µs
    Execution time std-deviation : 1.129441 µs
   Execution time lower quantile : 252.690274 µs ( 2.5%)
   Execution time upper quantile : 256.848618 µs (97.5%)
                   Overhead used : 2.460358 ns

Found 2 outliers in 60 samples (3.3333 %)
	low-severe	 2 (3.3333 %)
 Variance from outliers : 1.6389 % Variance is slightly inflated by outliers

--------------------------------------------
#<probability$hybrid_generators_incanter_sample_without_repl utils.probability$hybrid_generators_incanter_sample_without_repl@dffa691>
#<core$pmap clojure.core$pmap@d0de71d>

Evaluation count : 229200 in 60 samples of 3820 calls.
             Execution time mean : 281.906270 µs
    Execution time std-deviation : 8.788228 µs
   Execution time lower quantile : 266.287854 µs ( 2.5%)
   Execution time upper quantile : 307.825989 µs (97.5%)
                   Overhead used : 2.460358 ns

Found 4 outliers in 60 samples (6.6667 %)
	low-severe	 4 (6.6667 %)
 Variance from outliers : 17.4327 % Variance is moderately inflated by outliers

--------------------------------------------
#<probability$bigml_sample_with_repl utils.probability$bigml_sample_with_repl@2cf2d15d>
#<core$map clojure.core$map@248e68a2>

Evaluation count : 186840 in 60 samples of 3114 calls.
             Execution time mean : 322.688778 µs
    Execution time std-deviation : 2.597267 µs
   Execution time lower quantile : 319.449049 µs ( 2.5%)
   Execution time upper quantile : 328.855705 µs (97.5%)
                   Overhead used : 2.460358 ns

Found 1 outliers in 60 samples (1.6667 %)
	low-severe	 1 (1.6667 %)
 Variance from outliers : 1.6389 % Variance is slightly inflated by outliers

--------------------------------------------
#<probability$bigml_sample_with_repl utils.probability$bigml_sample_with_repl@2cf2d15d>
#<core$pmap clojure.core$pmap@d0de71d>

Evaluation count : 208320 in 60 samples of 3472 calls.
             Execution time mean : 310.038539 µs
    Execution time std-deviation : 14.350920 µs
   Execution time lower quantile : 292.654222 µs ( 2.5%)
   Execution time upper quantile : 336.158888 µs (97.5%)
                   Overhead used : 2.460358 ns

Found 1 outliers in 60 samples (1.6667 %)
	low-severe	 1 (1.6667 %)
 Variance from outliers : 31.9828 % Variance is moderately inflated by outliers

--------------------------------------------
#<probability$bigml_sample_without_repl utils.probability$bigml_sample_without_repl@2bfdeae6>
#<core$map clojure.core$map@248e68a2>

Evaluation count : 127740 in 60 samples of 2129 calls.
             Execution time mean : 470.218653 µs
    Execution time std-deviation : 1.797320 µs
   Execution time lower quantile : 467.545684 µs ( 2.5%)
   Execution time upper quantile : 473.529538 µs (97.5%)
                   Overhead used : 2.460358 ns

--------------------------------------------
#<probability$bigml_sample_without_repl utils.probability$bigml_sample_without_repl@2bfdeae6>
#<core$pmap clojure.core$pmap@d0de71d>

Evaluation count : 178860 in 60 samples of 2981 calls.
             Execution time mean : 392.265051 µs
    Execution time std-deviation : 24.707595 µs
   Execution time lower quantile : 345.753662 µs ( 2.5%)
   Execution time upper quantile : 448.927488 µs (97.5%)
                   Overhead used : 2.460358 ns

--------------------------------------------
#<probability$bigml_sample_twister_with_repl utils.probability$bigml_sample_twister_with_repl@72c2a8a0>
#<core$map clojure.core$map@248e68a2>

Evaluation count : 65100 in 60 samples of 1085 calls.
             Execution time mean : 925.142978 µs
    Execution time std-deviation : 2.790304 µs
   Execution time lower quantile : 920.398462 µs ( 2.5%)
   Execution time upper quantile : 929.730651 µs (97.5%)
                   Overhead used : 2.460358 ns

--------------------------------------------
#<probability$bigml_sample_twister_with_repl utils.probability$bigml_sample_twister_with_repl@72c2a8a0>
#<core$pmap clojure.core$pmap@d0de71d>

Evaluation count : 118740 in 60 samples of 1979 calls.
             Execution time mean : 594.652761 µs
    Execution time std-deviation : 44.670501 µs
   Execution time lower quantile : 525.876266 µs ( 2.5%)
   Execution time upper quantile : 687.722565 µs (97.5%)
                   Overhead used : 2.460358 ns

--------------------------------------------
#<probability$bigml_sample_twister_without_repl utils.probability$bigml_sample_twister_without_repl@25231d60>
#<core$map clojure.core$map@248e68a2>

Evaluation count : 53880 in 60 samples of 898 calls.
             Execution time mean : 1.114285 ms
    Execution time std-deviation : 3.225793 µs
   Execution time lower quantile : 1.109009 ms ( 2.5%)
   Execution time upper quantile : 1.121798 ms (97.5%)
                   Overhead used : 2.460358 ns

Found 2 outliers in 60 samples (3.3333 %)
	low-severe	 2 (3.3333 %)
 Variance from outliers : 1.6389 % Variance is slightly inflated by outliers

--------------------------------------------
#<probability$bigml_sample_twister_without_repl utils.probability$bigml_sample_twister_without_repl@25231d60>
#<core$pmap clojure.core$pmap@d0de71d>

Evaluation count : 93060 in 60 samples of 1551 calls.
             Execution time mean : 680.590995 µs
    Execution time std-deviation : 48.097936 µs
   Execution time lower quantile : 585.271556 µs ( 2.5%)
   Execution time upper quantile : 759.489577 µs (97.5%)
                   Overhead used : 2.460358 ns

==================================================
Sample size = 1 , stuff size = 25 

--------------------------------------------
#<probability$incanter_sample_with_repl utils.probability$incanter_sample_with_repl@704e2d11>
#<core$map clojure.core$map@248e68a2>

Evaluation count : 468480 in 60 samples of 7808 calls.
             Execution time mean : 127.475178 µs
    Execution time std-deviation : 535.259053 ns
   Execution time lower quantile : 126.664548 µs ( 2.5%)
   Execution time upper quantile : 128.758035 µs (97.5%)
                   Overhead used : 2.460358 ns

Found 2 outliers in 60 samples (3.3333 %)
	low-severe	 2 (3.3333 %)
 Variance from outliers : 1.6389 % Variance is slightly inflated by outliers

--------------------------------------------
#<probability$incanter_sample_with_repl utils.probability$incanter_sample_with_repl@704e2d11>
#<core$pmap clojure.core$pmap@d0de71d>

Evaluation count : 280320 in 60 samples of 4672 calls.
             Execution time mean : 230.486884 µs
    Execution time std-deviation : 6.071225 µs
   Execution time lower quantile : 216.854839 µs ( 2.5%)
   Execution time upper quantile : 238.013154 µs (97.5%)
                   Overhead used : 2.460358 ns

--------------------------------------------
#<probability$incanter_sample_without_repl utils.probability$incanter_sample_without_repl@5d89ec5c>
#<core$map clojure.core$map@248e68a2>

Evaluation count : 466500 in 60 samples of 7775 calls.
             Execution time mean : 128.044736 µs
    Execution time std-deviation : 487.167820 ns
   Execution time lower quantile : 127.422363 µs ( 2.5%)
   Execution time upper quantile : 129.255032 µs (97.5%)
                   Overhead used : 2.460358 ns

Found 3 outliers in 60 samples (5.0000 %)
	low-severe	 2 (3.3333 %)
	low-mild	 1 (1.6667 %)
 Variance from outliers : 1.6389 % Variance is slightly inflated by outliers

--------------------------------------------
#<probability$incanter_sample_without_repl utils.probability$incanter_sample_without_repl@5d89ec5c>
#<core$pmap clojure.core$pmap@d0de71d>

Evaluation count : 281940 in 60 samples of 4699 calls.
             Execution time mean : 229.409021 µs
    Execution time std-deviation : 5.863404 µs
   Execution time lower quantile : 218.166267 µs ( 2.5%)
   Execution time upper quantile : 235.988256 µs (97.5%)
                   Overhead used : 2.460358 ns

Found 2 outliers in 60 samples (3.3333 %)
	low-severe	 1 (1.6667 %)
	low-mild	 1 (1.6667 %)
 Variance from outliers : 12.6246 % Variance is moderately inflated by outliers

--------------------------------------------
#<probability$generators_sample_with_repl utils.probability$generators_sample_with_repl@40c712b8>
#<core$map clojure.core$map@248e68a2>

Evaluation count : 774600 in 60 samples of 12910 calls.
             Execution time mean : 77.349116 µs
    Execution time std-deviation : 319.779349 ns
   Execution time lower quantile : 76.920855 µs ( 2.5%)
   Execution time upper quantile : 78.070551 µs (97.5%)
                   Overhead used : 2.460358 ns

Found 3 outliers in 60 samples (5.0000 %)
	low-severe	 3 (5.0000 %)
 Variance from outliers : 1.6389 % Variance is slightly inflated by outliers

--------------------------------------------
#<probability$generators_sample_with_repl utils.probability$generators_sample_with_repl@40c712b8>
#<core$pmap clojure.core$pmap@d0de71d>

Evaluation count : 358200 in 60 samples of 5970 calls.
             Execution time mean : 178.072344 µs
    Execution time std-deviation : 3.571441 µs
   Execution time lower quantile : 168.975597 µs ( 2.5%)
   Execution time upper quantile : 183.514169 µs (97.5%)
                   Overhead used : 2.460358 ns

Found 2 outliers in 60 samples (3.3333 %)
	low-severe	 2 (3.3333 %)
 Variance from outliers : 9.3526 % Variance is slightly inflated by outliers

--------------------------------------------
#<probability$generators_reservoir_sample_without_repl utils.probability$generators_reservoir_sample_without_repl@21014808>
#<core$map clojure.core$map@248e68a2>

Evaluation count : 169680 in 60 samples of 2828 calls.
             Execution time mean : 354.204482 µs
    Execution time std-deviation : 1.335302 µs
   Execution time lower quantile : 352.470312 µs ( 2.5%)
   Execution time upper quantile : 357.304462 µs (97.5%)
                   Overhead used : 2.460358 ns

Found 3 outliers in 60 samples (5.0000 %)
	low-severe	 3 (5.0000 %)
 Variance from outliers : 1.6389 % Variance is slightly inflated by outliers

--------------------------------------------
#<probability$generators_reservoir_sample_without_repl utils.probability$generators_reservoir_sample_without_repl@21014808>
#<core$pmap clojure.core$pmap@d0de71d>

Evaluation count : 134580 in 60 samples of 2243 calls.
             Execution time mean : 503.754495 µs
    Execution time std-deviation : 35.925858 µs
   Execution time lower quantile : 452.684566 µs ( 2.5%)
   Execution time upper quantile : 564.909566 µs (97.5%)
                   Overhead used : 2.460358 ns

Found 1 outliers in 60 samples (1.6667 %)
	low-severe	 1 (1.6667 %)
 Variance from outliers : 53.4511 % Variance is severely inflated by outliers

--------------------------------------------
#<probability$hybrid_generators_incanter_sample_without_repl utils.probability$hybrid_generators_incanter_sample_without_repl@dffa691>
#<core$map clojure.core$map@248e68a2>

Evaluation count : 1580760 in 60 samples of 26346 calls.
             Execution time mean : 38.023656 µs
    Execution time std-deviation : 108.260559 ns
   Execution time lower quantile : 37.824420 µs ( 2.5%)
   Execution time upper quantile : 38.246762 µs (97.5%)
                   Overhead used : 2.460358 ns

--------------------------------------------
#<probability$hybrid_generators_incanter_sample_without_repl utils.probability$hybrid_generators_incanter_sample_without_repl@dffa691>
#<core$pmap clojure.core$pmap@d0de71d>

Evaluation count : 557760 in 60 samples of 9296 calls.
             Execution time mean : 113.262627 µs
    Execution time std-deviation : 2.766561 µs
   Execution time lower quantile : 108.721399 µs ( 2.5%)
   Execution time upper quantile : 116.911245 µs (97.5%)
                   Overhead used : 2.460358 ns

Found 1 outliers in 60 samples (1.6667 %)
	low-severe	 1 (1.6667 %)
 Variance from outliers : 12.5574 % Variance is moderately inflated by outliers

--------------------------------------------
#<probability$bigml_sample_with_repl utils.probability$bigml_sample_with_repl@2cf2d15d>
#<core$map clojure.core$map@248e68a2>

Evaluation count : 339120 in 60 samples of 5652 calls.
             Execution time mean : 177.772811 µs
    Execution time std-deviation : 653.628339 ns
   Execution time lower quantile : 176.536287 µs ( 2.5%)
   Execution time upper quantile : 179.329988 µs (97.5%)
                   Overhead used : 2.460358 ns

Found 4 outliers in 60 samples (6.6667 %)
	low-severe	 1 (1.6667 %)
	low-mild	 3 (5.0000 %)
 Variance from outliers : 1.6389 % Variance is slightly inflated by outliers

--------------------------------------------
#<probability$bigml_sample_with_repl utils.probability$bigml_sample_with_repl@2cf2d15d>
#<core$pmap clojure.core$pmap@d0de71d>

Evaluation count : 249060 in 60 samples of 4151 calls.
             Execution time mean : 258.194280 µs
    Execution time std-deviation : 5.765265 µs
   Execution time lower quantile : 246.164488 µs ( 2.5%)
   Execution time upper quantile : 263.501720 µs (97.5%)
                   Overhead used : 2.460358 ns

Found 3 outliers in 60 samples (5.0000 %)
	low-severe	 2 (3.3333 %)
	low-mild	 1 (1.6667 %)
 Variance from outliers : 10.9558 % Variance is moderately inflated by outliers

--------------------------------------------
#<probability$bigml_sample_without_repl utils.probability$bigml_sample_without_repl@2bfdeae6>
#<core$map clojure.core$map@248e68a2>

Evaluation count : 367260 in 60 samples of 6121 calls.
             Execution time mean : 163.404554 µs
    Execution time std-deviation : 583.408460 ns
   Execution time lower quantile : 162.402866 µs ( 2.5%)
   Execution time upper quantile : 164.686684 µs (97.5%)
                   Overhead used : 2.460358 ns

Found 2 outliers in 60 samples (3.3333 %)
	low-severe	 2 (3.3333 %)
 Variance from outliers : 1.6389 % Variance is slightly inflated by outliers

--------------------------------------------
#<probability$bigml_sample_without_repl utils.probability$bigml_sample_without_repl@2bfdeae6>
#<core$pmap clojure.core$pmap@d0de71d>

Evaluation count : 257940 in 60 samples of 4299 calls.
             Execution time mean : 249.620274 µs
    Execution time std-deviation : 7.144288 µs
   Execution time lower quantile : 237.750040 µs ( 2.5%)
   Execution time upper quantile : 272.053657 µs (97.5%)
                   Overhead used : 2.460358 ns

Found 6 outliers in 60 samples (10.0000 %)
	low-severe	 3 (5.0000 %)
	low-mild	 3 (5.0000 %)
 Variance from outliers : 15.7836 % Variance is moderately inflated by outliers

--------------------------------------------
#<probability$bigml_sample_twister_with_repl utils.probability$bigml_sample_twister_with_repl@72c2a8a0>
#<core$map clojure.core$map@248e68a2>

Evaluation count : 79380 in 60 samples of 1323 calls.
             Execution time mean : 760.410729 µs
    Execution time std-deviation : 2.938719 µs
   Execution time lower quantile : 755.836542 µs ( 2.5%)
   Execution time upper quantile : 768.376357 µs (97.5%)
                   Overhead used : 2.460358 ns

Found 3 outliers in 60 samples (5.0000 %)
	low-severe	 3 (5.0000 %)
 Variance from outliers : 1.6389 % Variance is slightly inflated by outliers

--------------------------------------------
#<probability$bigml_sample_twister_with_repl utils.probability$bigml_sample_twister_with_repl@72c2a8a0>
#<core$pmap clojure.core$pmap@d0de71d>

Evaluation count : 133080 in 60 samples of 2218 calls.
             Execution time mean : 492.065784 µs
    Execution time std-deviation : 16.602482 µs
   Execution time lower quantile : 464.707188 µs ( 2.5%)
   Execution time upper quantile : 529.008078 µs (97.5%)
                   Overhead used : 2.460358 ns

Found 8 outliers in 60 samples (13.3333 %)
	low-severe	 1 (1.6667 %)
	low-mild	 7 (11.6667 %)
 Variance from outliers : 20.5928 % Variance is moderately inflated by outliers

--------------------------------------------
#<probability$bigml_sample_twister_without_repl utils.probability$bigml_sample_twister_without_repl@25231d60>
#<core$map clojure.core$map@248e68a2>

Evaluation count : 80220 in 60 samples of 1337 calls.
             Execution time mean : 749.309482 µs
    Execution time std-deviation : 2.799087 µs
   Execution time lower quantile : 745.156852 µs ( 2.5%)
   Execution time upper quantile : 754.539051 µs (97.5%)
                   Overhead used : 2.460358 ns

--------------------------------------------
#<probability$bigml_sample_twister_without_repl utils.probability$bigml_sample_twister_without_repl@25231d60>
#<core$pmap clojure.core$pmap@d0de71d>

Evaluation count : 133200 in 60 samples of 2220 calls.
             Execution time mean : 487.095130 µs
    Execution time std-deviation : 18.020123 µs
   Execution time lower quantile : 459.702945 µs ( 2.5%)
   Execution time upper quantile : 525.881943 µs (97.5%)
                   Overhead used : 2.460358 ns

Found 10 outliers in 60 samples (16.6667 %)
	low-severe	 1 (1.6667 %)
	low-mild	 8 (13.3333 %)
	high-mild	 1 (1.6667 %)
 Variance from outliers : 23.8108 % Variance is moderately inflated by outliers

==================================================
Sample size = 25 , stuff size = 50 

--------------------------------------------
#<probability$incanter_sample_with_repl utils.probability$incanter_sample_with_repl@704e2d11>
#<core$map clojure.core$map@248e68a2>

Evaluation count : 70560 in 60 samples of 1176 calls.
             Execution time mean : 852.639320 µs
    Execution time std-deviation : 3.353046 µs
   Execution time lower quantile : 847.464377 µs ( 2.5%)
   Execution time upper quantile : 859.336826 µs (97.5%)
                   Overhead used : 2.460358 ns

Found 1 outliers in 60 samples (1.6667 %)
	low-severe	 1 (1.6667 %)
 Variance from outliers : 1.6389 % Variance is slightly inflated by outliers

--------------------------------------------
#<probability$incanter_sample_with_repl utils.probability$incanter_sample_with_repl@704e2d11>
#<core$pmap clojure.core$pmap@d0de71d>

Evaluation count : 79920 in 60 samples of 1332 calls.
             Execution time mean : 868.603271 µs
    Execution time std-deviation : 48.354338 µs
   Execution time lower quantile : 769.851143 µs ( 2.5%)
   Execution time upper quantile : 943.888681 µs (97.5%)
                   Overhead used : 2.460358 ns

Found 3 outliers in 60 samples (5.0000 %)
	low-severe	 3 (5.0000 %)
 Variance from outliers : 41.7554 % Variance is moderately inflated by outliers

--------------------------------------------
#<probability$incanter_sample_without_repl utils.probability$incanter_sample_without_repl@5d89ec5c>
#<core$map clojure.core$map@248e68a2>

Evaluation count : 4740 in 60 samples of 79 calls.
             Execution time mean : 12.706622 ms
    Execution time std-deviation : 53.364330 µs
   Execution time lower quantile : 12.627934 ms ( 2.5%)
   Execution time upper quantile : 12.800349 ms (97.5%)
                   Overhead used : 2.460358 ns

--------------------------------------------
#<probability$incanter_sample_without_repl utils.probability$incanter_sample_without_repl@5d89ec5c>
#<core$pmap clojure.core$pmap@d0de71d>

Evaluation count : 10800 in 60 samples of 180 calls.
             Execution time mean : 5.856540 ms
    Execution time std-deviation : 283.706513 µs
   Execution time lower quantile : 5.493692 ms ( 2.5%)
   Execution time upper quantile : 6.200929 ms (97.5%)
                   Overhead used : 2.460358 ns

--------------------------------------------
#<probability$generators_sample_with_repl utils.probability$generators_sample_with_repl@40c712b8>
#<core$map clojure.core$map@248e68a2>

Evaluation count : 56700 in 60 samples of 945 calls.
             Execution time mean : 1.064718 ms
    Execution time std-deviation : 3.499515 µs
   Execution time lower quantile : 1.060434 ms ( 2.5%)
   Execution time upper quantile : 1.073093 ms (97.5%)
                   Overhead used : 2.460358 ns

Found 3 outliers in 60 samples (5.0000 %)
	low-severe	 3 (5.0000 %)
 Variance from outliers : 1.6389 % Variance is slightly inflated by outliers

--------------------------------------------
#<probability$generators_sample_with_repl utils.probability$generators_sample_with_repl@40c712b8>
#<core$pmap clojure.core$pmap@d0de71d>

Evaluation count : 105480 in 60 samples of 1758 calls.
             Execution time mean : 640.743207 µs
    Execution time std-deviation : 43.755106 µs
   Execution time lower quantile : 545.214263 µs ( 2.5%)
   Execution time upper quantile : 719.057551 µs (97.5%)
                   Overhead used : 2.460358 ns

--------------------------------------------
#<probability$generators_reservoir_sample_without_repl utils.probability$generators_reservoir_sample_without_repl@21014808>
#<core$map clojure.core$map@248e68a2>

Evaluation count : 73380 in 60 samples of 1223 calls.
             Execution time mean : 817.673173 µs
    Execution time std-deviation : 3.733029 µs
   Execution time lower quantile : 812.879796 µs ( 2.5%)
   Execution time upper quantile : 824.762053 µs (97.5%)
                   Overhead used : 2.460358 ns

--------------------------------------------
#<probability$generators_reservoir_sample_without_repl utils.probability$generators_reservoir_sample_without_repl@21014808>
#<core$pmap clojure.core$pmap@d0de71d>

Evaluation count : 96120 in 60 samples of 1602 calls.
             Execution time mean : 671.991547 µs
    Execution time std-deviation : 42.692370 µs
   Execution time lower quantile : 596.234119 µs ( 2.5%)
   Execution time upper quantile : 756.853813 µs (97.5%)
                   Overhead used : 2.460358 ns

--------------------------------------------
#<probability$hybrid_generators_incanter_sample_without_repl utils.probability$hybrid_generators_incanter_sample_without_repl@dffa691>
#<core$map clojure.core$map@248e68a2>

Evaluation count : 39420 in 60 samples of 657 calls.
             Execution time mean : 1.525951 ms
    Execution time std-deviation : 5.982466 µs
   Execution time lower quantile : 1.517963 ms ( 2.5%)
   Execution time upper quantile : 1.541262 ms (97.5%)
                   Overhead used : 2.460358 ns

Found 5 outliers in 60 samples (8.3333 %)
	low-severe	 4 (6.6667 %)
	low-mild	 1 (1.6667 %)
 Variance from outliers : 1.6389 % Variance is slightly inflated by outliers

--------------------------------------------
#<probability$hybrid_generators_incanter_sample_without_repl utils.probability$hybrid_generators_incanter_sample_without_repl@dffa691>
#<core$pmap clojure.core$pmap@d0de71d>

Evaluation count : 66540 in 60 samples of 1109 calls.
             Execution time mean : 983.080919 µs
    Execution time std-deviation : 36.949175 µs
   Execution time lower quantile : 897.618821 µs ( 2.5%)
   Execution time upper quantile : 1.011969 ms (97.5%)
                   Overhead used : 2.460358 ns

Found 10 outliers in 60 samples (16.6667 %)
	low-severe	 2 (3.3333 %)
	low-mild	 8 (13.3333 %)
 Variance from outliers : 23.8478 % Variance is moderately inflated by outliers

--------------------------------------------
#<probability$bigml_sample_with_repl utils.probability$bigml_sample_with_repl@2cf2d15d>
#<core$map clojure.core$map@248e68a2>

Evaluation count : 66660 in 60 samples of 1111 calls.
             Execution time mean : 904.652326 µs
    Execution time std-deviation : 3.580982 µs
   Execution time lower quantile : 898.278368 µs ( 2.5%)
   Execution time upper quantile : 912.533994 µs (97.5%)
                   Overhead used : 2.460358 ns

Found 3 outliers in 60 samples (5.0000 %)
	low-severe	 3 (5.0000 %)
 Variance from outliers : 1.6389 % Variance is slightly inflated by outliers

--------------------------------------------
#<probability$bigml_sample_with_repl utils.probability$bigml_sample_with_repl@2cf2d15d>
#<core$pmap clojure.core$pmap@d0de71d>

Evaluation count : 108060 in 60 samples of 1801 calls.
             Execution time mean : 593.052472 µs
    Execution time std-deviation : 38.692528 µs
   Execution time lower quantile : 510.381771 µs ( 2.5%)
   Execution time upper quantile : 652.810907 µs (97.5%)
                   Overhead used : 2.460358 ns

--------------------------------------------
#<probability$bigml_sample_without_repl utils.probability$bigml_sample_without_repl@2bfdeae6>
#<core$map clojure.core$map@248e68a2>

Evaluation count : 31140 in 60 samples of 519 calls.
             Execution time mean : 1.935129 ms
    Execution time std-deviation : 8.666715 µs
   Execution time lower quantile : 1.925176 ms ( 2.5%)
   Execution time upper quantile : 1.955121 ms (97.5%)
                   Overhead used : 2.460358 ns

Found 4 outliers in 60 samples (6.6667 %)
	low-severe	 2 (3.3333 %)
	low-mild	 2 (3.3333 %)
 Variance from outliers : 1.6389 % Variance is slightly inflated by outliers

--------------------------------------------
#<probability$bigml_sample_without_repl utils.probability$bigml_sample_without_repl@2bfdeae6>
#<core$pmap clojure.core$pmap@d0de71d>

Evaluation count : 51960 in 60 samples of 866 calls.
             Execution time mean : 1.221522 ms
    Execution time std-deviation : 52.757494 µs
   Execution time lower quantile : 1.131728 ms ( 2.5%)
   Execution time upper quantile : 1.278087 ms (97.5%)
                   Overhead used : 2.460358 ns

--------------------------------------------
#<probability$bigml_sample_twister_with_repl utils.probability$bigml_sample_twister_with_repl@72c2a8a0>
#<core$map clojure.core$map@248e68a2>

Evaluation count : 37020 in 60 samples of 617 calls.
             Execution time mean : 1.622021 ms
    Execution time std-deviation : 4.878114 µs
   Execution time lower quantile : 1.612609 ms ( 2.5%)
   Execution time upper quantile : 1.632968 ms (97.5%)
                   Overhead used : 2.460358 ns

Found 3 outliers in 60 samples (5.0000 %)
	low-severe	 3 (5.0000 %)
 Variance from outliers : 1.6389 % Variance is slightly inflated by outliers

--------------------------------------------
#<probability$bigml_sample_twister_with_repl utils.probability$bigml_sample_twister_with_repl@72c2a8a0>
#<core$pmap clojure.core$pmap@d0de71d>

Evaluation count : 73440 in 60 samples of 1224 calls.
             Execution time mean : 888.988049 µs
    Execution time std-deviation : 51.845491 µs
   Execution time lower quantile : 788.938737 µs ( 2.5%)
   Execution time upper quantile : 986.501605 µs (97.5%)
                   Overhead used : 2.460358 ns

--------------------------------------------
#<probability$bigml_sample_twister_without_repl utils.probability$bigml_sample_twister_without_repl@25231d60>
#<core$map clojure.core$map@248e68a2>

Evaluation count : 22080 in 60 samples of 368 calls.
             Execution time mean : 2.714728 ms
    Execution time std-deviation : 12.164061 µs
   Execution time lower quantile : 2.696916 ms ( 2.5%)
   Execution time upper quantile : 2.748504 ms (97.5%)
                   Overhead used : 2.460358 ns

Found 7 outliers in 60 samples (11.6667 %)
	low-severe	 5 (8.3333 %)
	low-mild	 2 (3.3333 %)
 Variance from outliers : 1.6389 % Variance is slightly inflated by outliers

--------------------------------------------
#<probability$bigml_sample_twister_without_repl utils.probability$bigml_sample_twister_without_repl@25231d60>
#<core$pmap clojure.core$pmap@d0de71d>

Evaluation count : 41940 in 60 samples of 699 calls.
             Execution time mean : 1.525723 ms
    Execution time std-deviation : 65.288941 µs
   Execution time lower quantile : 1.390686 ms ( 2.5%)
   Execution time upper quantile : 1.581488 ms (97.5%)
                   Overhead used : 2.460358 ns

Found 13 outliers in 60 samples (21.6667 %)
	low-severe	 11 (18.3333 %)
	low-mild	 2 (3.3333 %)
 Variance from outliers : 28.7201 % Variance is moderately inflated by outliers
nil
popco.core.popco=> 
